{"C:\\Users\\moham\\Downloads\\Visual Studio Code\\React\\CC\\assignment-two\\src\\App.tsx": {"path":"C:\\Users\\moham\\Downloads\\Visual Studio Code\\React\\CC\\assignment-two\\src\\App.tsx","statementMap":{"0":{"start":{"line":12,"column":24},"end":{"line":12,"column":39}},"1":{"start":{"line":14,"column":31},"end":{"line":14,"column":54}},"2":{"start":{"line":15,"column":32},"end":{"line":15,"column":55}},"3":{"start":{"line":16,"column":32},"end":{"line":16,"column":55}},"4":{"start":{"line":27,"column":14},"end":{"line":62,"column":2}},"5":{"start":{"line":67,"column":40},"end":{"line":71,"column":4}},"6":{"start":{"line":73,"column":37},"end":{"line":73,"column":76}},"7":{"start":{"line":75,"column":38},"end":{"line":78,"column":4}},"8":{"start":{"line":80,"column":2},"end":{"line":102,"column":3}}},"fnMap":{"0":{"name":"App","decl":{"start":{"line":65,"column":9},"end":{"line":65,"column":12}},"loc":{"start":{"line":65,"column":15},"end":{"line":104,"column":1}},"line":65}},"branchMap":{},"s":{"0":3,"1":3,"2":3,"3":3,"4":3,"5":2,"6":2,"7":2,"8":2},"f":{"0":2},"b":{},"_coverageSchema":"1a1c01bbd47fc00a2c39e90264f33305004495a9","hash":"297f872731b67a34e7c2ed813b5ade4012f1f8fa"}
,"C:\\Users\\moham\\Downloads\\Visual Studio Code\\React\\CC\\assignment-two\\src\\index.tsx": {"path":"C:\\Users\\moham\\Downloads\\Visual Studio Code\\React\\CC\\assignment-two\\src\\index.tsx","statementMap":{"0":{"start":{"line":5,"column":13},"end":{"line":7,"column":1}},"1":{"start":{"line":8,"column":0},"end":{"line":10,"column":2}}},"fnMap":{},"branchMap":{},"s":{"0":0,"1":0},"f":{},"b":{}}
,"C:\\Users\\moham\\Downloads\\Visual Studio Code\\React\\CC\\assignment-two\\src\\actions\\index.ts": {"path":"C:\\Users\\moham\\Downloads\\Visual Studio Code\\React\\CC\\assignment-two\\src\\actions\\index.ts","statementMap":{"0":{"start":{"line":1,"column":23},"end":{"line":14,"column":1}},"1":{"start":{"line":3,"column":8},"end":{"line":12,"column":9}}},"fnMap":{"0":{"name":"(anonymous_0)","decl":{"start":{"line":2,"column":4},"end":{"line":2,"column":5}},"loc":{"start":{"line":2,"column":52},"end":{"line":13,"column":5}},"line":2}},"branchMap":{},"s":{"0":3,"1":7},"f":{"0":7},"b":{},"_coverageSchema":"1a1c01bbd47fc00a2c39e90264f33305004495a9","hash":"da9f343269b80ab8f41d55d7682f0d6f114072e8"}
,"C:\\Users\\moham\\Downloads\\Visual Studio Code\\React\\CC\\assignment-two\\src\\components\\AuthQuestions.tsx": {"path":"C:\\Users\\moham\\Downloads\\Visual Studio Code\\React\\CC\\assignment-two\\src\\components\\AuthQuestions.tsx","statementMap":{"0":{"start":{"line":5,"column":22},"end":{"line":14,"column":1}},"1":{"start":{"line":7,"column":40},"end":{"line":7,"column":63}},"2":{"start":{"line":9,"column":4},"end":{"line":13,"column":5}}},"fnMap":{"0":{"name":"(anonymous_0)","decl":{"start":{"line":5,"column":22},"end":{"line":5,"column":23}},"loc":{"start":{"line":5,"column":28},"end":{"line":14,"column":1}},"line":5}},"branchMap":{"0":{"loc":{"start":{"line":9,"column":11},"end":{"line":13,"column":5}},"type":"cond-expr","locations":[{"start":{"line":10,"column":8},"end":{"line":10,"column":35}},{"start":{"line":12,"column":8},"end":{"line":12,"column":18}}],"line":9}},"s":{"0":3,"1":1,"2":1},"f":{"0":1},"b":{"0":[0,1]},"_coverageSchema":"1a1c01bbd47fc00a2c39e90264f33305004495a9","hash":"6b57f206089c6ba75e458ef019214e384440375e"}
,"C:\\Users\\moham\\Downloads\\Visual Studio Code\\React\\CC\\assignment-two\\src\\components\\AuthResults.tsx": {"path":"C:\\Users\\moham\\Downloads\\Visual Studio Code\\React\\CC\\assignment-two\\src\\components\\AuthResults.tsx","statementMap":{"0":{"start":{"line":5,"column":20},"end":{"line":14,"column":1}},"1":{"start":{"line":7,"column":40},"end":{"line":7,"column":63}},"2":{"start":{"line":9,"column":4},"end":{"line":13,"column":5}}},"fnMap":{"0":{"name":"(anonymous_0)","decl":{"start":{"line":5,"column":20},"end":{"line":5,"column":21}},"loc":{"start":{"line":5,"column":26},"end":{"line":14,"column":1}},"line":5}},"branchMap":{"0":{"loc":{"start":{"line":9,"column":11},"end":{"line":13,"column":5}},"type":"cond-expr","locations":[{"start":{"line":10,"column":8},"end":{"line":10,"column":44}},{"start":{"line":12,"column":8},"end":{"line":12,"column":18}}],"line":9}},"s":{"0":3,"1":1,"2":1},"f":{"0":1},"b":{"0":[0,1]},"_coverageSchema":"1a1c01bbd47fc00a2c39e90264f33305004495a9","hash":"33f87c2528ac494f02a99e864a6e539711be5ae2"}
,"C:\\Users\\moham\\Downloads\\Visual Studio Code\\React\\CC\\assignment-two\\src\\components\\CheckboxOptions.tsx": {"path":"C:\\Users\\moham\\Downloads\\Visual Studio Code\\React\\CC\\assignment-two\\src\\components\\CheckboxOptions.tsx","statementMap":{"0":{"start":{"line":4,"column":24},"end":{"line":20,"column":1}},"1":{"start":{"line":6,"column":4},"end":{"line":19,"column":5}},"2":{"start":{"line":9,"column":16},"end":{"line":16,"column":18}}},"fnMap":{"0":{"name":"(anonymous_0)","decl":{"start":{"line":4,"column":24},"end":{"line":4,"column":25}},"loc":{"start":{"line":4,"column":77},"end":{"line":20,"column":1}},"line":4},"1":{"name":"(anonymous_1)","decl":{"start":{"line":8,"column":25},"end":{"line":8,"column":26}},"loc":{"start":{"line":9,"column":16},"end":{"line":16,"column":18}},"line":9}},"branchMap":{"0":{"loc":{"start":{"line":14,"column":48},"end":{"line":14,"column":69}},"type":"binary-expr","locations":[{"start":{"line":14,"column":48},"end":{"line":14,"column":60}},{"start":{"line":14,"column":64},"end":{"line":14,"column":69}}],"line":14}},"s":{"0":3,"1":3,"2":10},"f":{"0":3,"1":10},"b":{"0":[10,9]},"_coverageSchema":"1a1c01bbd47fc00a2c39e90264f33305004495a9","hash":"f0177e917ab88663388848dfe32468b5ccab324d"}
,"C:\\Users\\moham\\Downloads\\Visual Studio Code\\React\\CC\\assignment-two\\src\\components\\QuestionCard.tsx": {"path":"C:\\Users\\moham\\Downloads\\Visual Studio Code\\React\\CC\\assignment-two\\src\\components\\QuestionCard.tsx","statementMap":{"0":{"start":{"line":9,"column":21},"end":{"line":85,"column":1}},"1":{"start":{"line":11,"column":26},"end":{"line":11,"column":33}},"2":{"start":{"line":13,"column":39},"end":{"line":13,"column":61}},"3":{"start":{"line":17,"column":4},"end":{"line":84,"column":5}},"4":{"start":{"line":32,"column":16},"end":{"line":81,"column":17}},"5":{"start":{"line":35,"column":24},"end":{"line":58,"column":25}},"6":{"start":{"line":38,"column":60},"end":{"line":38,"column":62}},"7":{"start":{"line":39,"column":36},"end":{"line":41,"column":37}},"8":{"start":{"line":40,"column":40},"end":{"line":40,"column":86}},"9":{"start":{"line":42,"column":36},"end":{"line":47,"column":37}},"10":{"start":{"line":43,"column":40},"end":{"line":43,"column":72}},"11":{"start":{"line":45,"column":60},"end":{"line":45,"column":95}},"12":{"start":{"line":46,"column":40},"end":{"line":46,"column":75}},"13":{"start":{"line":48,"column":36},"end":{"line":48,"column":94}},"14":{"start":{"line":51,"column":36},"end":{"line":55,"column":37}},"15":{"start":{"line":61,"column":24},"end":{"line":67,"column":25}},"16":{"start":{"line":63,"column":65},"end":{"line":63,"column":98}},"17":{"start":{"line":65,"column":53},"end":{"line":65,"column":113}},"18":{"start":{"line":70,"column":24},"end":{"line":77,"column":25}},"19":{"start":{"line":74,"column":43},"end":{"line":74,"column":103}},"20":{"start":{"line":80,"column":24},"end":{"line":80,"column":51}}},"fnMap":{"0":{"name":"(anonymous_0)","decl":{"start":{"line":9,"column":21},"end":{"line":9,"column":22}},"loc":{"start":{"line":9,"column":85},"end":{"line":85,"column":1}},"line":9},"1":{"name":"(anonymous_1)","decl":{"start":{"line":31,"column":14},"end":{"line":31,"column":15}},"loc":{"start":{"line":31,"column":20},"end":{"line":82,"column":13}},"line":31},"2":{"name":"(anonymous_2)","decl":{"start":{"line":37,"column":46},"end":{"line":37,"column":47}},"loc":{"start":{"line":37,"column":58},"end":{"line":49,"column":33}},"line":37},"3":{"name":"(anonymous_3)","decl":{"start":{"line":50,"column":53},"end":{"line":50,"column":54}},"loc":{"start":{"line":50,"column":70},"end":{"line":56,"column":33}},"line":50},"4":{"name":"(anonymous_4)","decl":{"start":{"line":63,"column":53},"end":{"line":63,"column":54}},"loc":{"start":{"line":63,"column":65},"end":{"line":63,"column":98}},"line":63},"5":{"name":"(anonymous_5)","decl":{"start":{"line":65,"column":46},"end":{"line":65,"column":47}},"loc":{"start":{"line":65,"column":53},"end":{"line":65,"column":113}},"line":65},"6":{"name":"(anonymous_6)","decl":{"start":{"line":74,"column":36},"end":{"line":74,"column":37}},"loc":{"start":{"line":74,"column":43},"end":{"line":74,"column":103}},"line":74}},"branchMap":{"0":{"loc":{"start":{"line":32,"column":16},"end":{"line":81,"column":17}},"type":"switch","locations":[{"start":{"line":34,"column":20},"end":{"line":58,"column":25}},{"start":{"line":60,"column":20},"end":{"line":67,"column":25}},{"start":{"line":69,"column":20},"end":{"line":77,"column":25}},{"start":{"line":79,"column":20},"end":{"line":80,"column":51}}],"line":32},"1":{"loc":{"start":{"line":39,"column":36},"end":{"line":41,"column":37}},"type":"if","locations":[{"start":{"line":39,"column":36},"end":{"line":41,"column":37}},{"start":{},"end":{}}],"line":39},"2":{"loc":{"start":{"line":42,"column":36},"end":{"line":47,"column":37}},"type":"if","locations":[{"start":{"line":42,"column":36},"end":{"line":47,"column":37}},{"start":{"line":44,"column":43},"end":{"line":47,"column":37}}],"line":42},"3":{"loc":{"start":{"line":54,"column":47},"end":{"line":54,"column":131}},"type":"binary-expr","locations":[{"start":{"line":54,"column":47},"end":{"line":54,"column":122}},{"start":{"line":54,"column":126},"end":{"line":54,"column":131}}],"line":54},"4":{"loc":{"start":{"line":64,"column":39},"end":{"line":64,"column":71}},"type":"binary-expr","locations":[{"start":{"line":64,"column":39},"end":{"line":64,"column":65}},{"start":{"line":64,"column":69},"end":{"line":64,"column":71}}],"line":64},"5":{"loc":{"start":{"line":72,"column":39},"end":{"line":72,"column":71}},"type":"binary-expr","locations":[{"start":{"line":72,"column":39},"end":{"line":72,"column":65}},{"start":{"line":72,"column":69},"end":{"line":72,"column":71}}],"line":72}},"s":{"0":3,"1":7,"2":7,"3":7,"4":7,"5":2,"6":2,"7":2,"8":0,"9":2,"10":2,"11":0,"12":0,"13":2,"14":8,"15":2,"16":8,"17":2,"18":2,"19":2,"20":1},"f":{"0":7,"1":7,"2":2,"3":8,"4":8,"5":2,"6":2},"b":{"0":[2,2,2,1],"1":[0,2],"2":[2,0],"3":[8,8],"4":[2,2],"5":[2,2]},"_coverageSchema":"1a1c01bbd47fc00a2c39e90264f33305004495a9","hash":"a27117741089625e7836170d8c72459dcb9fe87e"}
,"C:\\Users\\moham\\Downloads\\Visual Studio Code\\React\\CC\\assignment-two\\src\\components\\RadioOptions.tsx": {"path":"C:\\Users\\moham\\Downloads\\Visual Studio Code\\React\\CC\\assignment-two\\src\\components\\RadioOptions.tsx","statementMap":{"0":{"start":{"line":4,"column":21},"end":{"line":31,"column":1}},"1":{"start":{"line":9,"column":4},"end":{"line":30,"column":5}},"2":{"start":{"line":18,"column":20},"end":{"line":26,"column":22}}},"fnMap":{"0":{"name":"(anonymous_0)","decl":{"start":{"line":4,"column":21},"end":{"line":4,"column":22}},"loc":{"start":{"line":4,"column":78},"end":{"line":31,"column":1}},"line":4},"1":{"name":"(anonymous_1)","decl":{"start":{"line":17,"column":29},"end":{"line":17,"column":30}},"loc":{"start":{"line":18,"column":20},"end":{"line":26,"column":22}},"line":18}},"branchMap":{},"s":{"0":3,"1":3,"2":10},"f":{"0":3,"1":10},"b":{},"_coverageSchema":"1a1c01bbd47fc00a2c39e90264f33305004495a9","hash":"84783cd9d681351b31ed047d20608ac7146bab9f"}
,"C:\\Users\\moham\\Downloads\\Visual Studio Code\\React\\CC\\assignment-two\\src\\components\\buttons\\RadioButtons.tsx": {"path":"C:\\Users\\moham\\Downloads\\Visual Studio Code\\React\\CC\\assignment-two\\src\\components\\buttons\\RadioButtons.tsx","statementMap":{"0":{"start":{"line":11,"column":31},"end":{"line":15,"column":3}},"1":{"start":{"line":11,"column":72},"end":{"line":15,"column":1}},"2":{"start":{"line":17,"column":21},"end":{"line":51,"column":1}},"3":{"start":{"line":19,"column":42},"end":{"line":19,"column":65}},"4":{"start":{"line":21,"column":4},"end":{"line":50,"column":5}},"5":{"start":{"line":35,"column":39},"end":{"line":35,"column":97}},"6":{"start":{"line":39,"column":24},"end":{"line":44,"column":26}}},"fnMap":{"0":{"name":"(anonymous_0)","decl":{"start":{"line":11,"column":56},"end":{"line":11,"column":57}},"loc":{"start":{"line":11,"column":72},"end":{"line":15,"column":1}},"line":11},"1":{"name":"(anonymous_1)","decl":{"start":{"line":17,"column":21},"end":{"line":17,"column":22}},"loc":{"start":{"line":17,"column":63},"end":{"line":51,"column":1}},"line":17},"2":{"name":"(anonymous_2)","decl":{"start":{"line":35,"column":30},"end":{"line":35,"column":31}},"loc":{"start":{"line":35,"column":37},"end":{"line":35,"column":99}},"line":35},"3":{"name":"(anonymous_3)","decl":{"start":{"line":38,"column":33},"end":{"line":38,"column":34}},"loc":{"start":{"line":39,"column":24},"end":{"line":44,"column":26}},"line":39}},"branchMap":{},"s":{"0":3,"1":16,"2":3,"3":8,"4":8,"5":0,"6":16},"f":{"0":16,"1":8,"2":0,"3":16},"b":{},"_coverageSchema":"1a1c01bbd47fc00a2c39e90264f33305004495a9","hash":"ed8877ff5aae15f6c8564b5a260c440fa542ac10"}
,"C:\\Users\\moham\\Downloads\\Visual Studio Code\\React\\CC\\assignment-two\\src\\context\\AppReducer.ts": {"path":"C:\\Users\\moham\\Downloads\\Visual Studio Code\\React\\CC\\assignment-two\\src\\context\\AppReducer.ts","statementMap":{"0":{"start":{"line":5,"column":4},"end":{"line":15,"column":5}},"1":{"start":{"line":7,"column":12},"end":{"line":12,"column":13}},"2":{"start":{"line":14,"column":12},"end":{"line":14,"column":29}}},"fnMap":{"0":{"name":"AppReducer","decl":{"start":{"line":3,"column":24},"end":{"line":3,"column":34}},"loc":{"start":{"line":3,"column":65},"end":{"line":16,"column":1}},"line":3}},"branchMap":{"0":{"loc":{"start":{"line":5,"column":4},"end":{"line":15,"column":5}},"type":"switch","locations":[{"start":{"line":6,"column":8},"end":{"line":12,"column":13}},{"start":{"line":13,"column":8},"end":{"line":14,"column":29}}],"line":5}},"s":{"0":2,"1":1,"2":1},"f":{"0":2},"b":{"0":[1,1]},"_coverageSchema":"1a1c01bbd47fc00a2c39e90264f33305004495a9","hash":"25c91660175ae3edfc1002bbae4dceb604aed1b0"}
,"C:\\Users\\moham\\Downloads\\Visual Studio Code\\React\\CC\\assignment-two\\src\\pages\\InputDetailsForm.tsx": {"path":"C:\\Users\\moham\\Downloads\\Visual Studio Code\\React\\CC\\assignment-two\\src\\pages\\InputDetailsForm.tsx","statementMap":{"0":{"start":{"line":9,"column":24},"end":{"line":18,"column":2}},"1":{"start":{"line":20,"column":19},"end":{"line":24,"column":3}},"2":{"start":{"line":20,"column":54},"end":{"line":24,"column":1}},"3":{"start":{"line":26,"column":32},"end":{"line":35,"column":1}},"4":{"start":{"line":27,"column":4},"end":{"line":34,"column":10}},"5":{"start":{"line":37,"column":29},"end":{"line":100,"column":1}},"6":{"start":{"line":39,"column":40},"end":{"line":39,"column":63}},"7":{"start":{"line":41,"column":42},"end":{"line":41,"column":65}},"8":{"start":{"line":43,"column":21},"end":{"line":43,"column":34}},"9":{"start":{"line":46,"column":8},"end":{"line":46,"column":58}},"10":{"start":{"line":47,"column":8},"end":{"line":47,"column":30}},"11":{"start":{"line":50,"column":4},"end":{"line":99,"column":5}},"12":{"start":{"line":64,"column":39},"end":{"line":64,"column":95}},"13":{"start":{"line":76,"column":39},"end":{"line":76,"column":94}},"14":{"start":{"line":102,"column":25},"end":{"line":129,"column":1}},"15":{"start":{"line":104,"column":18},"end":{"line":104,"column":28}},"16":{"start":{"line":106,"column":4},"end":{"line":128,"column":5}}},"fnMap":{"0":{"name":"(anonymous_0)","decl":{"start":{"line":20,"column":38},"end":{"line":20,"column":39}},"loc":{"start":{"line":20,"column":54},"end":{"line":24,"column":1}},"line":20},"1":{"name":"(anonymous_1)","decl":{"start":{"line":26,"column":32},"end":{"line":26,"column":33}},"loc":{"start":{"line":27,"column":4},"end":{"line":34,"column":10}},"line":27},"2":{"name":"(anonymous_2)","decl":{"start":{"line":37,"column":29},"end":{"line":37,"column":30}},"loc":{"start":{"line":37,"column":35},"end":{"line":100,"column":1}},"line":37},"3":{"name":"handleRegister","decl":{"start":{"line":45,"column":13},"end":{"line":45,"column":27}},"loc":{"start":{"line":45,"column":30},"end":{"line":48,"column":5}},"line":45},"4":{"name":"(anonymous_4)","decl":{"start":{"line":64,"column":30},"end":{"line":64,"column":31}},"loc":{"start":{"line":64,"column":37},"end":{"line":64,"column":97}},"line":64},"5":{"name":"(anonymous_5)","decl":{"start":{"line":76,"column":30},"end":{"line":76,"column":31}},"loc":{"start":{"line":76,"column":37},"end":{"line":76,"column":96}},"line":76},"6":{"name":"(anonymous_6)","decl":{"start":{"line":102,"column":25},"end":{"line":102,"column":26}},"loc":{"start":{"line":102,"column":31},"end":{"line":129,"column":1}},"line":102}},"branchMap":{},"s":{"0":3,"1":3,"2":6,"3":3,"4":6,"5":3,"6":7,"7":7,"8":7,"9":1,"10":1,"11":7,"12":2,"13":0,"14":3,"15":6,"16":6},"f":{"0":6,"1":6,"2":7,"3":1,"4":2,"5":0,"6":6},"b":{},"_coverageSchema":"1a1c01bbd47fc00a2c39e90264f33305004495a9","hash":"a3f36054c42dcef5fa678525ddf38d18865e31f6"}
,"C:\\Users\\moham\\Downloads\\Visual Studio Code\\React\\CC\\assignment-two\\src\\pages\\Questions.tsx": {"path":"C:\\Users\\moham\\Downloads\\Visual Studio Code\\React\\CC\\assignment-two\\src\\pages\\Questions.tsx","statementMap":{"0":{"start":{"line":10,"column":31},"end":{"line":10,"column":47}},"1":{"start":{"line":14,"column":18},"end":{"line":236,"column":1}},"2":{"start":{"line":16,"column":48},"end":{"line":16,"column":73}},"3":{"start":{"line":17,"column":36},"end":{"line":17,"column":50}},"4":{"start":{"line":18,"column":19},"end":{"line":18,"column":32}},"5":{"start":{"line":20,"column":2},"end":{"line":22,"column":8}},"6":{"start":{"line":21,"column":4},"end":{"line":21,"column":47}},"7":{"start":{"line":21,"column":21},"end":{"line":21,"column":40}},"8":{"start":{"line":33,"column":4},"end":{"line":33,"column":30}},"9":{"start":{"line":38,"column":37},"end":{"line":38,"column":59}},"10":{"start":{"line":40,"column":26},"end":{"line":40,"column":60}},"11":{"start":{"line":50,"column":38},"end":{"line":50,"column":61}},"12":{"start":{"line":53,"column":4},"end":{"line":53,"column":53}},"13":{"start":{"line":54,"column":4},"end":{"line":54,"column":24}},"14":{"start":{"line":57,"column":24},"end":{"line":57,"column":47}},"15":{"start":{"line":59,"column":2},"end":{"line":235,"column":3}},"16":{"start":{"line":135,"column":14},"end":{"line":168,"column":15}},"17":{"start":{"line":200,"column":35},"end":{"line":200,"column":41}},"18":{"start":{"line":201,"column":33},"end":{"line":201,"column":67}},"19":{"start":{"line":203,"column":18},"end":{"line":210,"column":19}},"20":{"start":{"line":209,"column":20},"end":{"line":209,"column":40}},"21":{"start":{"line":215,"column":18},"end":{"line":217,"column":19}},"22":{"start":{"line":216,"column":20},"end":{"line":216,"column":41}},"23":{"start":{"line":218,"column":18},"end":{"line":227,"column":19}}},"fnMap":{"0":{"name":"(anonymous_0)","decl":{"start":{"line":14,"column":18},"end":{"line":14,"column":19}},"loc":{"start":{"line":14,"column":24},"end":{"line":236,"column":1}},"line":14},"1":{"name":"(anonymous_1)","decl":{"start":{"line":20,"column":12},"end":{"line":20,"column":13}},"loc":{"start":{"line":20,"column":18},"end":{"line":22,"column":3}},"line":20},"2":{"name":"(anonymous_2)","decl":{"start":{"line":21,"column":15},"end":{"line":21,"column":16}},"loc":{"start":{"line":21,"column":21},"end":{"line":21,"column":40}},"line":21},"3":{"name":"handleQuestionChange","decl":{"start":{"line":32,"column":11},"end":{"line":32,"column":31}},"loc":{"start":{"line":32,"column":82},"end":{"line":34,"column":3}},"line":32},"4":{"name":"handleResults","decl":{"start":{"line":52,"column":11},"end":{"line":52,"column":24}},"loc":{"start":{"line":52,"column":27},"end":{"line":55,"column":3}},"line":52},"5":{"name":"(anonymous_5)","decl":{"start":{"line":133,"column":12},"end":{"line":133,"column":13}},"loc":{"start":{"line":133,"column":33},"end":{"line":169,"column":13}},"line":133},"6":{"name":"(anonymous_6)","decl":{"start":{"line":198,"column":16},"end":{"line":198,"column":17}},"loc":{"start":{"line":198,"column":26},"end":{"line":228,"column":17}},"line":198}},"branchMap":{"0":{"loc":{"start":{"line":40,"column":26},"end":{"line":40,"column":60}},"type":"binary-expr","locations":[{"start":{"line":40,"column":26},"end":{"line":40,"column":54}},{"start":{"line":40,"column":58},"end":{"line":40,"column":60}}],"line":40},"1":{"loc":{"start":{"line":67,"column":7},"end":{"line":123,"column":7}},"type":"cond-expr","locations":[{"start":{"line":67,"column":19},"end":{"line":67,"column":21}},{"start":{"line":68,"column":8},"end":{"line":122,"column":16}}],"line":67},"2":{"loc":{"start":{"line":127,"column":8},"end":{"line":171,"column":9}},"type":"cond-expr","locations":[{"start":{"line":128,"column":10},"end":{"line":128,"column":30}},{"start":{"line":132,"column":10},"end":{"line":170,"column":11}}],"line":127},"3":{"loc":{"start":{"line":136,"column":16},"end":{"line":167,"column":17}},"type":"binary-expr","locations":[{"start":{"line":136,"column":16},"end":{"line":136,"column":47}},{"start":{"line":137,"column":18},"end":{"line":166,"column":24}}],"line":136},"4":{"loc":{"start":{"line":174,"column":8},"end":{"line":232,"column":9}},"type":"cond-expr","locations":[{"start":{"line":174,"column":20},"end":{"line":174,"column":22}},{"start":{"line":175,"column":10},"end":{"line":231,"column":16}}],"line":174},"5":{"loc":{"start":{"line":201,"column":33},"end":{"line":201,"column":67}},"type":"binary-expr","locations":[{"start":{"line":201,"column":33},"end":{"line":201,"column":60}},{"start":{"line":201,"column":64},"end":{"line":201,"column":67}}],"line":201},"6":{"loc":{"start":{"line":203,"column":18},"end":{"line":210,"column":19}},"type":"if","locations":[{"start":{"line":203,"column":18},"end":{"line":210,"column":19}},{"start":{},"end":{}}],"line":203},"7":{"loc":{"start":{"line":204,"column":20},"end":{"line":207,"column":65}},"type":"binary-expr","locations":[{"start":{"line":204,"column":20},"end":{"line":204,"column":86}},{"start":{"line":205,"column":23},"end":{"line":205,"column":43}},{"start":{"line":206,"column":23},"end":{"line":206,"column":54}},{"start":{"line":207,"column":23},"end":{"line":207,"column":65}}],"line":204},"8":{"loc":{"start":{"line":204,"column":46},"end":{"line":204,"column":80}},"type":"binary-expr","locations":[{"start":{"line":204,"column":46},"end":{"line":204,"column":73}},{"start":{"line":204,"column":77},"end":{"line":204,"column":80}}],"line":204},"9":{"loc":{"start":{"line":215,"column":18},"end":{"line":217,"column":19}},"type":"if","locations":[{"start":{"line":215,"column":18},"end":{"line":217,"column":19}},{"start":{},"end":{}}],"line":215},"10":{"loc":{"start":{"line":215,"column":22},"end":{"line":215,"column":110}},"type":"binary-expr","locations":[{"start":{"line":215,"column":22},"end":{"line":215,"column":42}},{"start":{"line":215,"column":46},"end":{"line":215,"column":110}}],"line":215}},"s":{"0":3,"1":3,"2":2,"3":2,"4":2,"5":2,"6":2,"7":0,"8":0,"9":2,"10":2,"11":2,"12":0,"13":0,"14":2,"15":2,"16":0,"17":0,"18":0,"19":0,"20":0,"21":0,"22":0,"23":0},"f":{"0":2,"1":2,"2":0,"3":0,"4":0,"5":0,"6":0},"b":{"0":[2,0],"1":[2,0],"2":[2,0],"3":[0,0],"4":[2,0],"5":[0,0],"6":[0,0],"7":[0,0,0,0],"8":[0,0],"9":[0,0],"10":[0,0]},"_coverageSchema":"1a1c01bbd47fc00a2c39e90264f33305004495a9","hash":"0ba0373eba538cab70852f130f887ce8f322a994"}
,"C:\\Users\\moham\\Downloads\\Visual Studio Code\\React\\CC\\assignment-two\\src\\pages\\Results.tsx": {"path":"C:\\Users\\moham\\Downloads\\Visual Studio Code\\React\\CC\\assignment-two\\src\\pages\\Results.tsx","statementMap":{"0":{"start":{"line":12,"column":21},"end":{"line":12,"column":22}},"1":{"start":{"line":15,"column":23},"end":{"line":15,"column":24}},"2":{"start":{"line":18,"column":14},"end":{"line":18,"column":23}},"3":{"start":{"line":19,"column":16},"end":{"line":19,"column":25}},"4":{"start":{"line":21,"column":25},"end":{"line":21,"column":27}},"5":{"start":{"line":23,"column":32},"end":{"line":23,"column":37}},"6":{"start":{"line":25,"column":16},"end":{"line":377,"column":1}},"7":{"start":{"line":27,"column":24},"end":{"line":27,"column":47}},"8":{"start":{"line":29,"column":20},"end":{"line":29,"column":42}},"9":{"start":{"line":31,"column":21},"end":{"line":31,"column":50}},"10":{"start":{"line":32,"column":2},"end":{"line":34,"column":4}},"11":{"start":{"line":33,"column":4},"end":{"line":33,"column":47}},"12":{"start":{"line":36,"column":2},"end":{"line":376,"column":3}},"13":{"start":{"line":49,"column":10},"end":{"line":51,"column":11}},"14":{"start":{"line":50,"column":12},"end":{"line":50,"column":50}},"15":{"start":{"line":53,"column":10},"end":{"line":286,"column":11}},"16":{"start":{"line":55,"column":12},"end":{"line":55,"column":45}},"17":{"start":{"line":57,"column":37},"end":{"line":57,"column":38}},"18":{"start":{"line":59,"column":12},"end":{"line":59,"column":32}},"19":{"start":{"line":60,"column":12},"end":{"line":63,"column":14}},"20":{"start":{"line":61,"column":14},"end":{"line":62,"column":59}},"21":{"start":{"line":62,"column":16},"end":{"line":62,"column":59}},"22":{"start":{"line":65,"column":33},"end":{"line":65,"column":37}},"23":{"start":{"line":66,"column":12},"end":{"line":153,"column":13}},"24":{"start":{"line":79,"column":35},"end":{"line":79,"column":55}},"25":{"start":{"line":81,"column":20},"end":{"line":85,"column":21}},"26":{"start":{"line":82,"column":22},"end":{"line":82,"column":61}},"27":{"start":{"line":84,"column":22},"end":{"line":84,"column":44}},"28":{"start":{"line":86,"column":20},"end":{"line":89,"column":21}},"29":{"start":{"line":87,"column":22},"end":{"line":87,"column":57}},"30":{"start":{"line":88,"column":22},"end":{"line":88,"column":54}},"31":{"start":{"line":91,"column":20},"end":{"line":115,"column":21}},"32":{"start":{"line":132,"column":24},"end":{"line":147,"column":27}},"33":{"start":{"line":133,"column":26},"end":{"line":147,"column":27}},"34":{"start":{"line":155,"column":17},"end":{"line":286,"column":11}},"35":{"start":{"line":156,"column":27},"end":{"line":156,"column":50}},"36":{"start":{"line":157,"column":12},"end":{"line":164,"column":13}},"37":{"start":{"line":158,"column":14},"end":{"line":158,"column":49}},"38":{"start":{"line":160,"column":14},"end":{"line":163,"column":16}},"39":{"start":{"line":161,"column":16},"end":{"line":162,"column":52}},"40":{"start":{"line":162,"column":18},"end":{"line":162,"column":52}},"41":{"start":{"line":165,"column":12},"end":{"line":212,"column":13}},"42":{"start":{"line":214,"column":17},"end":{"line":286,"column":11}},"43":{"start":{"line":215,"column":32},"end":{"line":215,"column":37}},"44":{"start":{"line":218,"column":12},"end":{"line":222,"column":13}},"45":{"start":{"line":219,"column":14},"end":{"line":221,"column":15}},"46":{"start":{"line":220,"column":16},"end":{"line":220,"column":36}},"47":{"start":{"line":224,"column":12},"end":{"line":227,"column":13}},"48":{"start":{"line":225,"column":14},"end":{"line":225,"column":49}},"49":{"start":{"line":228,"column":12},"end":{"line":277,"column":13}},"50":{"start":{"line":280,"column":12},"end":{"line":285,"column":13}},"51":{"start":{"line":306,"column":12},"end":{"line":322,"column":13}},"52":{"start":{"line":307,"column":14},"end":{"line":321,"column":15}}},"fnMap":{"0":{"name":"(anonymous_0)","decl":{"start":{"line":25,"column":16},"end":{"line":25,"column":17}},"loc":{"start":{"line":25,"column":22},"end":{"line":377,"column":1}},"line":25},"1":{"name":"(anonymous_1)","decl":{"start":{"line":32,"column":16},"end":{"line":32,"column":17}},"loc":{"start":{"line":32,"column":33},"end":{"line":34,"column":3}},"line":32},"2":{"name":"(anonymous_2)","decl":{"start":{"line":46,"column":8},"end":{"line":46,"column":9}},"loc":{"start":{"line":46,"column":41},"end":{"line":287,"column":9}},"line":46},"3":{"name":"(anonymous_3)","decl":{"start":{"line":60,"column":58},"end":{"line":60,"column":59}},"loc":{"start":{"line":60,"column":77},"end":{"line":63,"column":13}},"line":60},"4":{"name":"(anonymous_4)","decl":{"start":{"line":78,"column":18},"end":{"line":78,"column":19}},"loc":{"start":{"line":78,"column":38},"end":{"line":116,"column":19}},"line":78},"5":{"name":"(anonymous_5)","decl":{"start":{"line":131,"column":68},"end":{"line":131,"column":69}},"loc":{"start":{"line":131,"column":87},"end":{"line":148,"column":23}},"line":131},"6":{"name":"(anonymous_6)","decl":{"start":{"line":160,"column":60},"end":{"line":160,"column":61}},"loc":{"start":{"line":160,"column":79},"end":{"line":163,"column":15}},"line":160},"7":{"name":"(anonymous_7)","decl":{"start":{"line":305,"column":27},"end":{"line":305,"column":28}},"loc":{"start":{"line":305,"column":48},"end":{"line":323,"column":11}},"line":305}},"branchMap":{"0":{"loc":{"start":{"line":49,"column":10},"end":{"line":51,"column":11}},"type":"if","locations":[{"start":{"line":49,"column":10},"end":{"line":51,"column":11}},{"start":{},"end":{}}],"line":49},"1":{"loc":{"start":{"line":53,"column":10},"end":{"line":286,"column":11}},"type":"if","locations":[{"start":{"line":53,"column":10},"end":{"line":286,"column":11}},{"start":{"line":155,"column":17},"end":{"line":286,"column":11}}],"line":53},"2":{"loc":{"start":{"line":61,"column":14},"end":{"line":62,"column":59}},"type":"if","locations":[{"start":{"line":61,"column":14},"end":{"line":62,"column":59}},{"start":{},"end":{}}],"line":61},"3":{"loc":{"start":{"line":81,"column":20},"end":{"line":85,"column":21}},"type":"if","locations":[{"start":{"line":81,"column":20},"end":{"line":85,"column":21}},{"start":{"line":83,"column":27},"end":{"line":85,"column":21}}],"line":81},"4":{"loc":{"start":{"line":86,"column":20},"end":{"line":89,"column":21}},"type":"if","locations":[{"start":{"line":86,"column":20},"end":{"line":89,"column":21}},{"start":{},"end":{}}],"line":86},"5":{"loc":{"start":{"line":86,"column":24},"end":{"line":86,"column":81}},"type":"binary-expr","locations":[{"start":{"line":86,"column":24},"end":{"line":86,"column":38}},{"start":{"line":86,"column":42},"end":{"line":86,"column":81}}],"line":86},"6":{"loc":{"start":{"line":95,"column":35},"end":{"line":95,"column":75}},"type":"cond-expr","locations":[{"start":{"line":95,"column":60},"end":{"line":95,"column":67}},{"start":{"line":95,"column":70},"end":{"line":95,"column":75}}],"line":95},"7":{"loc":{"start":{"line":110,"column":26},"end":{"line":112,"column":74}},"type":"cond-expr","locations":[{"start":{"line":111,"column":29},"end":{"line":111,"column":75}},{"start":{"line":112,"column":29},"end":{"line":112,"column":73}}],"line":110},"8":{"loc":{"start":{"line":118,"column":17},"end":{"line":151,"column":17}},"type":"cond-expr","locations":[{"start":{"line":118,"column":45},"end":{"line":118,"column":47}},{"start":{"line":119,"column":18},"end":{"line":150,"column":26}}],"line":118},"9":{"loc":{"start":{"line":129,"column":21},"end":{"line":129,"column":73}},"type":"cond-expr","locations":[{"start":{"line":129,"column":49},"end":{"line":129,"column":51}},{"start":{"line":129,"column":54},"end":{"line":129,"column":73}}],"line":129},"10":{"loc":{"start":{"line":130,"column":21},"end":{"line":148,"column":24}},"type":"cond-expr","locations":[{"start":{"line":130,"column":49},"end":{"line":130,"column":51}},{"start":{"line":131,"column":22},"end":{"line":148,"column":24}}],"line":130},"11":{"loc":{"start":{"line":132,"column":24},"end":{"line":147,"column":27}},"type":"if","locations":[{"start":{"line":132,"column":24},"end":{"line":147,"column":27}},{"start":{},"end":{}}],"line":132},"12":{"loc":{"start":{"line":155,"column":17},"end":{"line":286,"column":11}},"type":"if","locations":[{"start":{"line":155,"column":17},"end":{"line":286,"column":11}},{"start":{"line":214,"column":17},"end":{"line":286,"column":11}}],"line":155},"13":{"loc":{"start":{"line":157,"column":12},"end":{"line":164,"column":13}},"type":"if","locations":[{"start":{"line":157,"column":12},"end":{"line":164,"column":13}},{"start":{"line":159,"column":19},"end":{"line":164,"column":13}}],"line":157},"14":{"loc":{"start":{"line":161,"column":16},"end":{"line":162,"column":52}},"type":"if","locations":[{"start":{"line":161,"column":16},"end":{"line":162,"column":52}},{"start":{},"end":{}}],"line":161},"15":{"loc":{"start":{"line":179,"column":29},"end":{"line":179,"column":69}},"type":"cond-expr","locations":[{"start":{"line":179,"column":54},"end":{"line":179,"column":61}},{"start":{"line":179,"column":64},"end":{"line":179,"column":69}}],"line":179},"16":{"loc":{"start":{"line":190,"column":20},"end":{"line":192,"column":68}},"type":"cond-expr","locations":[{"start":{"line":191,"column":23},"end":{"line":191,"column":69}},{"start":{"line":192,"column":23},"end":{"line":192,"column":67}}],"line":190},"17":{"loc":{"start":{"line":207,"column":20},"end":{"line":208,"column":61}},"type":"cond-expr","locations":[{"start":{"line":207,"column":45},"end":{"line":207,"column":47}},{"start":{"line":208,"column":22},"end":{"line":208,"column":61}}],"line":207},"18":{"loc":{"start":{"line":214,"column":17},"end":{"line":286,"column":11}},"type":"if","locations":[{"start":{"line":214,"column":17},"end":{"line":286,"column":11}},{"start":{"line":279,"column":17},"end":{"line":286,"column":11}}],"line":214},"19":{"loc":{"start":{"line":218,"column":12},"end":{"line":222,"column":13}},"type":"if","locations":[{"start":{"line":218,"column":12},"end":{"line":222,"column":13}},{"start":{},"end":{}}],"line":218},"20":{"loc":{"start":{"line":219,"column":14},"end":{"line":221,"column":15}},"type":"if","locations":[{"start":{"line":219,"column":14},"end":{"line":221,"column":15}},{"start":{},"end":{}}],"line":219},"21":{"loc":{"start":{"line":224,"column":12},"end":{"line":227,"column":13}},"type":"if","locations":[{"start":{"line":224,"column":12},"end":{"line":227,"column":13}},{"start":{},"end":{}}],"line":224},"22":{"loc":{"start":{"line":238,"column":17},"end":{"line":240,"column":22}},"type":"cond-expr","locations":[{"start":{"line":239,"column":18},"end":{"line":239,"column":99}},{"start":{"line":240,"column":20},"end":{"line":240,"column":22}}],"line":238},"23":{"loc":{"start":{"line":244,"column":29},"end":{"line":244,"column":60}},"type":"cond-expr","locations":[{"start":{"line":244,"column":45},"end":{"line":244,"column":52}},{"start":{"line":244,"column":55},"end":{"line":244,"column":60}}],"line":244},"24":{"loc":{"start":{"line":255,"column":20},"end":{"line":257,"column":68}},"type":"cond-expr","locations":[{"start":{"line":256,"column":23},"end":{"line":256,"column":69}},{"start":{"line":257,"column":23},"end":{"line":257,"column":67}}],"line":255},"25":{"loc":{"start":{"line":273,"column":20},"end":{"line":273,"column":118}},"type":"cond-expr","locations":[{"start":{"line":273,"column":36},"end":{"line":273,"column":38}},{"start":{"line":273,"column":42},"end":{"line":273,"column":117}}],"line":273},"26":{"loc":{"start":{"line":306,"column":12},"end":{"line":322,"column":13}},"type":"if","locations":[{"start":{"line":306,"column":12},"end":{"line":322,"column":13}},{"start":{},"end":{}}],"line":306}},"s":{"0":3,"1":3,"2":3,"3":3,"4":3,"5":3,"6":3,"7":5,"8":4,"9":4,"10":4,"11":40,"12":4,"13":16,"14":12,"15":16,"16":4,"17":4,"18":4,"19":4,"20":16,"21":4,"22":4,"23":4,"24":8,"25":8,"26":4,"27":4,"28":8,"29":0,"30":0,"31":8,"32":16,"33":4,"34":12,"35":8,"36":8,"37":4,"38":4,"39":0,"40":0,"41":4,"42":4,"43":4,"44":4,"45":4,"46":0,"47":4,"48":0,"49":4,"50":0,"51":0,"52":0},"f":{"0":5,"1":40,"2":16,"3":16,"4":8,"5":16,"6":0,"7":0},"b":{"0":[12,4],"1":[4,12],"2":[4,12],"3":[4,4],"4":[0,8],"5":[8,0],"6":[4,4],"7":[4,4],"8":[0,4],"9":[0,4],"10":[0,4],"11":[4,12],"12":[8,4],"13":[4,4],"14":[0,0],"15":[4,0],"16":[4,0],"17":[4,0],"18":[4,0],"19":[4,0],"20":[0,4],"21":[0,4],"22":[4,0],"23":[0,4],"24":[0,4],"25":[0,4],"26":[0,0]},"_coverageSchema":"1a1c01bbd47fc00a2c39e90264f33305004495a9","hash":"1aa871e72f1801e91c3914d567f2b934273a7d98"}
,"C:\\Users\\moham\\Downloads\\Visual Studio Code\\React\\CC\\assignment-two\\src\\types\\index.ts": {"path":"C:\\Users\\moham\\Downloads\\Visual Studio Code\\React\\CC\\assignment-two\\src\\types\\index.ts","statementMap":{},"fnMap":{},"branchMap":{},"s":{},"f":{},"b":{}}
}
