TN:
SF:src\App.tsx
FN:65,App
FNF:1
FNH:1
FNDA:2,App
DA:12,3
DA:14,3
DA:15,3
DA:16,3
DA:27,3
DA:67,2
DA:73,2
DA:75,2
DA:80,2
LF:9
LH:9
BRF:0
BRH:0
end_of_record
TN:
SF:src\index.tsx
FNF:0
FNH:0
DA:5,0
DA:8,0
LF:2
LH:0
BRF:0
BRH:0
end_of_record
TN:
SF:src\actions\index.ts
FN:2,(anonymous_0)
FNF:1
FNH:1
FNDA:7,(anonymous_0)
DA:1,3
DA:3,7
LF:2
LH:2
BRF:0
BRH:0
end_of_record
TN:
SF:src\components\AuthQuestions.tsx
FN:5,(anonymous_0)
FNF:1
FNH:1
FNDA:1,(anonymous_0)
DA:5,3
DA:7,1
DA:9,1
LF:3
LH:3
BRDA:9,0,0,0
BRDA:9,0,1,1
BRF:2
BRH:1
end_of_record
TN:
SF:src\components\AuthResults.tsx
FN:5,(anonymous_0)
FNF:1
FNH:1
FNDA:1,(anonymous_0)
DA:5,3
DA:7,1
DA:9,1
LF:3
LH:3
BRDA:9,0,0,0
BRDA:9,0,1,1
BRF:2
BRH:1
end_of_record
TN:
SF:src\components\CheckboxOptions.tsx
FN:4,(anonymous_0)
FN:8,(anonymous_1)
FNF:2
FNH:2
FNDA:3,(anonymous_0)
FNDA:10,(anonymous_1)
DA:4,3
DA:6,3
DA:9,10
LF:3
LH:3
BRDA:14,0,0,10
BRDA:14,0,1,9
BRF:2
BRH:2
end_of_record
TN:
SF:src\components\QuestionCard.tsx
FN:9,(anonymous_0)
FN:31,(anonymous_1)
FN:37,(anonymous_2)
FN:50,(anonymous_3)
FN:63,(anonymous_4)
FN:65,(anonymous_5)
FN:74,(anonymous_6)
FNF:7
FNH:7
FNDA:7,(anonymous_0)
FNDA:7,(anonymous_1)
FNDA:2,(anonymous_2)
FNDA:8,(anonymous_3)
FNDA:8,(anonymous_4)
FNDA:2,(anonymous_5)
FNDA:2,(anonymous_6)
DA:9,3
DA:11,7
DA:13,7
DA:17,7
DA:32,7
DA:35,2
DA:38,2
DA:39,2
DA:40,0
DA:42,2
DA:43,2
DA:45,0
DA:46,0
DA:48,2
DA:51,8
DA:61,2
DA:63,8
DA:65,2
DA:70,2
DA:74,2
DA:80,1
LF:21
LH:18
BRDA:32,0,0,2
BRDA:32,0,1,2
BRDA:32,0,2,2
BRDA:32,0,3,1
BRDA:39,1,0,0
BRDA:39,1,1,2
BRDA:42,2,0,2
BRDA:42,2,1,0
BRDA:54,3,0,8
BRDA:54,3,1,8
BRDA:64,4,0,2
BRDA:64,4,1,2
BRDA:72,5,0,2
BRDA:72,5,1,2
BRF:14
BRH:12
end_of_record
TN:
SF:src\components\RadioOptions.tsx
FN:4,(anonymous_0)
FN:17,(anonymous_1)
FNF:2
FNH:2
FNDA:3,(anonymous_0)
FNDA:10,(anonymous_1)
DA:4,3
DA:9,3
DA:18,10
LF:3
LH:3
BRF:0
BRH:0
end_of_record
TN:
SF:src\components\buttons\RadioButtons.tsx
FN:11,(anonymous_0)
FN:17,(anonymous_1)
FN:35,(anonymous_2)
FN:38,(anonymous_3)
FNF:4
FNH:3
FNDA:16,(anonymous_0)
FNDA:8,(anonymous_1)
FNDA:0,(anonymous_2)
FNDA:16,(anonymous_3)
DA:11,16
DA:17,3
DA:19,8
DA:21,8
DA:35,0
DA:39,16
LF:6
LH:5
BRF:0
BRH:0
end_of_record
TN:
SF:src\context\AppReducer.ts
FN:3,AppReducer
FNF:1
FNH:1
FNDA:2,AppReducer
DA:5,2
DA:7,1
DA:14,1
LF:3
LH:3
BRDA:5,0,0,1
BRDA:5,0,1,1
BRF:2
BRH:2
end_of_record
TN:
SF:src\pages\InputDetailsForm.tsx
FN:20,(anonymous_0)
FN:26,(anonymous_1)
FN:37,(anonymous_2)
FN:45,handleRegister
FN:64,(anonymous_4)
FN:76,(anonymous_5)
FN:102,(anonymous_6)
FNF:7
FNH:6
FNDA:6,(anonymous_0)
FNDA:6,(anonymous_1)
FNDA:7,(anonymous_2)
FNDA:1,handleRegister
FNDA:2,(anonymous_4)
FNDA:0,(anonymous_5)
FNDA:6,(anonymous_6)
DA:9,3
DA:20,6
DA:26,3
DA:27,6
DA:37,3
DA:39,7
DA:41,7
DA:43,7
DA:46,1
DA:47,1
DA:50,7
DA:64,2
DA:76,0
DA:102,3
DA:104,6
DA:106,6
LF:16
LH:15
BRF:0
BRH:0
end_of_record
TN:
SF:src\pages\Questions.tsx
FN:14,(anonymous_0)
FN:20,(anonymous_1)
FN:21,(anonymous_2)
FN:32,handleQuestionChange
FN:52,handleResults
FN:133,(anonymous_5)
FN:198,(anonymous_6)
FNF:7
FNH:2
FNDA:2,(anonymous_0)
FNDA:2,(anonymous_1)
FNDA:0,(anonymous_2)
FNDA:0,handleQuestionChange
FNDA:0,handleResults
FNDA:0,(anonymous_5)
FNDA:0,(anonymous_6)
DA:10,3
DA:14,3
DA:16,2
DA:17,2
DA:18,2
DA:20,2
DA:21,2
DA:33,0
DA:38,2
DA:40,2
DA:50,2
DA:53,0
DA:54,0
DA:57,2
DA:59,2
DA:135,0
DA:200,0
DA:201,0
DA:203,0
DA:209,0
DA:215,0
DA:216,0
DA:218,0
LF:23
LH:12
BRDA:40,0,0,2
BRDA:40,0,1,0
BRDA:67,1,0,2
BRDA:67,1,1,0
BRDA:127,2,0,2
BRDA:127,2,1,0
BRDA:136,3,0,0
BRDA:136,3,1,0
BRDA:174,4,0,2
BRDA:174,4,1,0
BRDA:201,5,0,0
BRDA:201,5,1,0
BRDA:203,6,0,0
BRDA:203,6,1,0
BRDA:204,7,0,0
BRDA:204,7,1,0
BRDA:204,7,2,0
BRDA:204,7,3,0
BRDA:204,8,0,0
BRDA:204,8,1,0
BRDA:215,9,0,0
BRDA:215,9,1,0
BRDA:215,10,0,0
BRDA:215,10,1,0
BRF:24
BRH:4
end_of_record
TN:
SF:src\pages\Results.tsx
FN:25,(anonymous_0)
FN:32,(anonymous_1)
FN:46,(anonymous_2)
FN:60,(anonymous_3)
FN:78,(anonymous_4)
FN:131,(anonymous_5)
FN:160,(anonymous_6)
FN:305,(anonymous_7)
FNF:8
FNH:6
FNDA:5,(anonymous_0)
FNDA:40,(anonymous_1)
FNDA:16,(anonymous_2)
FNDA:16,(anonymous_3)
FNDA:8,(anonymous_4)
FNDA:16,(anonymous_5)
FNDA:0,(anonymous_6)
FNDA:0,(anonymous_7)
DA:12,3
DA:15,3
DA:18,3
DA:19,3
DA:21,3
DA:23,3
DA:25,3
DA:27,5
DA:29,4
DA:31,4
DA:32,4
DA:33,40
DA:36,4
DA:49,16
DA:50,12
DA:53,16
DA:55,4
DA:57,4
DA:59,4
DA:60,4
DA:61,16
DA:62,4
DA:65,4
DA:66,4
DA:79,8
DA:81,8
DA:82,4
DA:84,4
DA:86,8
DA:87,0
DA:88,0
DA:91,8
DA:132,16
DA:133,4
DA:155,12
DA:156,8
DA:157,8
DA:158,4
DA:160,4
DA:161,0
DA:162,0
DA:165,4
DA:214,4
DA:215,4
DA:218,4
DA:219,4
DA:220,0
DA:224,4
DA:225,0
DA:228,4
DA:280,0
DA:306,0
DA:307,0
LF:53
LH:44
BRDA:49,0,0,12
BRDA:49,0,1,4
BRDA:53,1,0,4
BRDA:53,1,1,12
BRDA:61,2,0,4
BRDA:61,2,1,12
BRDA:81,3,0,4
BRDA:81,3,1,4
BRDA:86,4,0,0
BRDA:86,4,1,8
BRDA:86,5,0,8
BRDA:86,5,1,0
BRDA:95,6,0,4
BRDA:95,6,1,4
BRDA:110,7,0,4
BRDA:110,7,1,4
BRDA:118,8,0,0
BRDA:118,8,1,4
BRDA:129,9,0,0
BRDA:129,9,1,4
BRDA:130,10,0,0
BRDA:130,10,1,4
BRDA:132,11,0,4
BRDA:132,11,1,12
BRDA:155,12,0,8
BRDA:155,12,1,4
BRDA:157,13,0,4
BRDA:157,13,1,4
BRDA:161,14,0,0
BRDA:161,14,1,0
BRDA:179,15,0,4
BRDA:179,15,1,0
BRDA:190,16,0,4
BRDA:190,16,1,0
BRDA:207,17,0,4
BRDA:207,17,1,0
BRDA:214,18,0,4
BRDA:214,18,1,0
BRDA:218,19,0,4
BRDA:218,19,1,0
BRDA:219,20,0,0
BRDA:219,20,1,4
BRDA:224,21,0,0
BRDA:224,21,1,4
BRDA:238,22,0,4
BRDA:238,22,1,0
BRDA:244,23,0,0
BRDA:244,23,1,4
BRDA:255,24,0,0
BRDA:255,24,1,4
BRDA:273,25,0,0
BRDA:273,25,1,4
BRDA:306,26,0,0
BRDA:306,26,1,0
BRF:54
BRH:34
end_of_record
TN:
SF:src\types\index.ts
FNF:0
FNH:0
LF:0
LH:0
BRF:0
BRH:0
end_of_record
